<?xml version="1.0" encoding="UTF-8"?>
<coverage generated="1748111351137" clover="3.2.0">
  <project timestamp="1748111351138" name="All files">
    <metrics statements="61" coveredstatements="57" conditionals="20" coveredconditionals="18" methods="20" coveredmethods="17" elements="101" coveredelements="92" complexity="0" loc="61" ncloc="61" packages="7" files="13" classes="13"/>
    <package name="server.models">
      <metrics statements="8" coveredstatements="8" conditionals="0" coveredconditionals="0" methods="0" coveredmethods="0"/>
      <file name="reports.js" path="C:\Users\Lemogang Matlou\Desktop\COMS\SD\StriveSports\server\models\reports.js">
        <metrics statements="4" coveredstatements="4" conditionals="0" coveredconditionals="0" methods="0" coveredmethods="0"/>
        <line num="2" count="1" type="stmt"/>
        <line num="4" count="1" type="stmt"/>
        <line num="18" count="1" type="stmt"/>
        <line num="19" count="1" type="stmt"/>
      </file>
      <file name="sportsbooking.js" path="C:\Users\Lemogang Matlou\Desktop\COMS\SD\StriveSports\server\models\sportsbooking.js">
        <metrics statements="4" coveredstatements="4" conditionals="0" coveredconditionals="0" methods="0" coveredmethods="0"/>
        <line num="2" count="1" type="stmt"/>
        <line num="4" count="1" type="stmt"/>
        <line num="19" count="1" type="stmt"/>
        <line num="20" count="1" type="stmt"/>
      </file>
    </package>
    <package name="src">
      <metrics statements="3" coveredstatements="3" conditionals="0" coveredconditionals="0" methods="3" coveredmethods="3"/>
      <file name="App.jsx" path="C:\Users\Lemogang Matlou\Desktop\COMS\SD\StriveSports\src\App.jsx">
        <metrics statements="1" coveredstatements="1" conditionals="0" coveredconditionals="0" methods="1" coveredmethods="1"/>
        <line num="16" count="8" type="stmt"/>
      </file>
      <file name="getEvents.jsx" path="C:\Users\Lemogang Matlou\Desktop\COMS\SD\StriveSports\src\getEvents.jsx">
        <metrics statements="1" coveredstatements="1" conditionals="0" coveredconditionals="0" methods="1" coveredmethods="1"/>
        <line num="2" count="5" type="stmt"/>
      </file>
      <file name="showup.jsx" path="C:\Users\Lemogang Matlou\Desktop\COMS\SD\StriveSports\src\showup.jsx">
        <metrics statements="1" coveredstatements="1" conditionals="0" coveredconditionals="0" methods="1" coveredmethods="1"/>
        <line num="4" count="1" type="stmt"/>
      </file>
    </package>
    <package name="src.Components.Signup">
      <metrics statements="1" coveredstatements="1" conditionals="0" coveredconditionals="0" methods="1" coveredmethods="1"/>
      <file name="signup.jsx" path="C:\Users\Lemogang Matlou\Desktop\COMS\SD\StriveSports\src\Components\Signup\signup.jsx">
        <metrics statements="1" coveredstatements="1" conditionals="0" coveredconditionals="0" methods="1" coveredmethods="1"/>
        <line num="11" count="2" type="stmt"/>
      </file>
    </package>
    <package name="src.adminResources">
      <metrics statements="19" coveredstatements="17" conditionals="8" coveredconditionals="7" methods="6" coveredmethods="5"/>
      <file name="BlockedUser.jsx" path="C:\Users\Lemogang Matlou\Desktop\COMS\SD\StriveSports\src\adminResources\BlockedUser.jsx">
        <metrics statements="1" coveredstatements="1" conditionals="0" coveredconditionals="0" methods="1" coveredmethods="1"/>
        <line num="5" count="1" type="stmt"/>
      </file>
      <file name="SignRedirect.jsx" path="C:\Users\Lemogang Matlou\Desktop\COMS\SD\StriveSports\src\adminResources\SignRedirect.jsx">
        <metrics statements="10" coveredstatements="10" conditionals="6" coveredconditionals="5" methods="2" coveredmethods="2"/>
        <line num="5" count="3" type="stmt"/>
        <line num="6" count="3" type="stmt"/>
        <line num="9" count="3" type="cond" truecount="2" falsecount="0"/>
        <line num="10" count="2" type="cond" truecount="2" falsecount="0"/>
        <line num="11" count="1" type="stmt"/>
        <line num="12" count="1" type="stmt"/>
        <line num="15" count="1" type="cond" truecount="1" falsecount="1"/>
        <line num="16" count="1" type="stmt"/>
        <line num="21" count="1" type="stmt"/>
        <line num="25" count="3" type="stmt"/>
      </file>
      <file name="postEvent.jsx" path="C:\Users\Lemogang Matlou\Desktop\COMS\SD\StriveSports\src\adminResources\postEvent.jsx">
        <metrics statements="8" coveredstatements="6" conditionals="2" coveredconditionals="2" methods="3" coveredmethods="2"/>
        <line num="2" count="2" type="stmt"/>
        <line num="15" count="2" type="cond" truecount="2" falsecount="0"/>
        <line num="16" count="1" type="stmt"/>
        <line num="17" count="1" type="stmt"/>
        <line num="19" count="1" type="stmt"/>
        <line num="20" count="1" type="stmt"/>
        <line num="23" count="0" type="stmt"/>
        <line num="24" count="0" type="stmt"/>
      </file>
    </package>
    <package name="src.assets">
      <metrics statements="4" coveredstatements="4" conditionals="2" coveredconditionals="2" methods="2" coveredmethods="2"/>
      <file name="JestTest.js" path="C:\Users\Lemogang Matlou\Desktop\COMS\SD\StriveSports\src\assets\JestTest.js">
        <metrics statements="4" coveredstatements="4" conditionals="2" coveredconditionals="2" methods="2" coveredmethods="2"/>
        <line num="4" count="2" type="stmt"/>
        <line num="6" count="2" type="stmt"/>
        <line num="7" count="1" type="stmt"/>
        <line num="10" count="2" type="stmt"/>
      </file>
    </package>
    <package name="src.pages">
      <metrics statements="13" coveredstatements="11" conditionals="2" coveredconditionals="1" methods="7" coveredmethods="5"/>
      <file name="WelcomeScreen.jsx" path="C:\Users\Lemogang Matlou\Desktop\COMS\SD\StriveSports\src\pages\WelcomeScreen.jsx">
        <metrics statements="4" coveredstatements="4" conditionals="0" coveredconditionals="0" methods="2" coveredmethods="2"/>
        <line num="8" count="3" type="stmt"/>
        <line num="9" count="3" type="stmt"/>
        <line num="10" count="1" type="stmt"/>
        <line num="12" count="3" type="stmt"/>
      </file>
      <file name="onboard3.jsx" path="C:\Users\Lemogang Matlou\Desktop\COMS\SD\StriveSports\src\pages\onboard3.jsx">
        <metrics statements="9" coveredstatements="7" conditionals="2" coveredconditionals="1" methods="5" coveredmethods="3"/>
        <line num="11" count="1" type="stmt"/>
        <line num="12" count="4" type="stmt"/>
        <line num="13" count="4" type="stmt"/>
        <line num="14" count="4" type="stmt"/>
        <line num="23" count="4" type="stmt"/>
        <line num="33" count="28" type="stmt"/>
        <line num="35" count="1" type="stmt"/>
        <line num="36" count="0" type="stmt"/>
        <line num="37" count="0" type="stmt"/>
      </file>
    </package>
    <package name="src.utils">
      <metrics statements="13" coveredstatements="13" conditionals="8" coveredconditionals="8" methods="1" coveredmethods="1"/>
      <file name="ProtectedRoutes.jsx" path="C:\Users\Lemogang Matlou\Desktop\COMS\SD\StriveSports\src\utils\ProtectedRoutes.jsx">
        <metrics statements="13" coveredstatements="13" conditionals="8" coveredconditionals="8" methods="1" coveredmethods="1"/>
        <line num="4" count="2" type="stmt"/>
        <line num="5" count="20" type="stmt"/>
        <line num="7" count="12" type="cond" truecount="2" falsecount="0"/>
        <line num="8" count="1" type="stmt"/>
        <line num="11" count="11" type="cond" truecount="2" falsecount="0"/>
        <line num="12" count="1" type="stmt"/>
        <line num="15" count="10" type="stmt"/>
        <line num="16" count="10" type="stmt"/>
        <line num="18" count="10" type="cond" truecount="2" falsecount="0"/>
        <line num="19" count="2" type="stmt"/>
        <line num="22" count="8" type="cond" truecount="2" falsecount="0"/>
        <line num="23" count="3" type="stmt"/>
        <line num="25" count="5" type="stmt"/>
      </file>
    </package>
  </project>
</coverage>
