{"C:\\Users\\favour\\react-app\\server\\models\\reports.js": {"path":"C:\\Users\\favour\\react-app\\server\\models\\reports.js","statementMap":{"0":{"start":{"line":2,"column":17},"end":{"line":2,"column":36}},"1":{"start":{"line":4,"column":24},"end":{"line":15,"column":2}},"2":{"start":{"line":18,"column":20},"end":{"line":18,"column":61}},"3":{"start":{"line":19,"column":0},"end":{"line":19,"column":29}}},"fnMap":{},"branchMap":{},"s":{"0":1,"1":1,"2":1,"3":1},"f":{},"b":{},"_coverageSchema":"1a1c01bbd47fc00a2c39e90264f33305004495a9","hash":"5ceaf379b22fd6f5680d2cf79d90962299231863"}
,"C:\\Users\\favour\\react-app\\server\\models\\sportsbooking.js": {"path":"C:\\Users\\favour\\react-app\\server\\models\\sportsbooking.js","statementMap":{"0":{"start":{"line":2,"column":17},"end":{"line":2,"column":36}},"1":{"start":{"line":4,"column":22},"end":{"line":15,"column":2}},"2":{"start":{"line":19,"column":18},"end":{"line":19,"column":56}},"3":{"start":{"line":20,"column":0},"end":{"line":20,"column":27}}},"fnMap":{},"branchMap":{},"s":{"0":1,"1":1,"2":1,"3":1},"f":{},"b":{},"_coverageSchema":"1a1c01bbd47fc00a2c39e90264f33305004495a9","hash":"20c8f9646e9309567a6c32e790f5dff5d80c4748"}
,"C:\\Users\\favour\\react-app\\src\\App.jsx": {"path":"C:\\Users\\favour\\react-app\\src\\App.jsx","statementMap":{"0":{"start":{"line":16,"column":0},"end":{"line":35,"column":2}}},"fnMap":{"0":{"name":"App","decl":{"start":{"line":15,"column":9},"end":{"line":15,"column":12}},"loc":{"start":{"line":15,"column":14},"end":{"line":37,"column":1}},"line":15}},"branchMap":{},"s":{"0":5},"f":{"0":5},"b":{},"_coverageSchema":"1a1c01bbd47fc00a2c39e90264f33305004495a9","hash":"39bbd68bed23ce097b5e589d5155f0ca0634c38e"}
,"C:\\Users\\favour\\react-app\\src\\afterSignInRedirect.jsx": {"path":"C:\\Users\\favour\\react-app\\src\\afterSignInRedirect.jsx","statementMap":{"0":{"start":{"line":7,"column":22},"end":{"line":7,"column":31}},"1":{"start":{"line":8,"column":22},"end":{"line":8,"column":41}},"2":{"start":{"line":10,"column":21},"end":{"line":10,"column":34}},"3":{"start":{"line":11,"column":21},"end":{"line":11,"column":34}},"4":{"start":{"line":14,"column":4},"end":{"line":46,"column":27}},"5":{"start":{"line":15,"column":8},"end":{"line":15,"column":46}},"6":{"start":{"line":15,"column":39},"end":{"line":15,"column":46}},"7":{"start":{"line":16,"column":8},"end":{"line":44,"column":10}},"8":{"start":{"line":18,"column":8},"end":{"line":43,"column":9}},"9":{"start":{"line":19,"column":12},"end":{"line":39,"column":13}},"10":{"start":{"line":20,"column":16},"end":{"line":20,"column":44}},"11":{"start":{"line":23,"column":17},"end":{"line":39,"column":13}},"12":{"start":{"line":24,"column":16},"end":{"line":24,"column":59}},"13":{"start":{"line":27,"column":17},"end":{"line":39,"column":13}},"14":{"start":{"line":28,"column":16},"end":{"line":28,"column":56}},"15":{"start":{"line":30,"column":17},"end":{"line":39,"column":13}},"16":{"start":{"line":31,"column":16},"end":{"line":33,"column":17}},"17":{"start":{"line":32,"column":16},"end":{"line":32,"column":49}},"18":{"start":{"line":35,"column":17},"end":{"line":39,"column":13}},"19":{"start":{"line":36,"column":16},"end":{"line":38,"column":17}},"20":{"start":{"line":37,"column":16},"end":{"line":37,"column":49}},"21":{"start":{"line":42,"column":12},"end":{"line":42,"column":45}},"22":{"start":{"line":48,"column":4},"end":{"line":48,"column":16}}},"fnMap":{"0":{"name":"AfterSignInRedirect","decl":{"start":{"line":6,"column":24},"end":{"line":6,"column":43}},"loc":{"start":{"line":6,"column":46},"end":{"line":49,"column":1}},"line":6},"1":{"name":"(anonymous_1)","decl":{"start":{"line":14,"column":14},"end":{"line":14,"column":15}},"loc":{"start":{"line":14,"column":20},"end":{"line":46,"column":5}},"line":14},"2":{"name":"(anonymous_2)","decl":{"start":{"line":16,"column":22},"end":{"line":16,"column":23}},"loc":{"start":{"line":16,"column":32},"end":{"line":44,"column":9}},"line":16}},"branchMap":{"0":{"loc":{"start":{"line":15,"column":8},"end":{"line":15,"column":46}},"type":"if","locations":[{"start":{"line":15,"column":8},"end":{"line":15,"column":46}},{"start":{},"end":{}}],"line":15},"1":{"loc":{"start":{"line":18,"column":8},"end":{"line":43,"column":9}},"type":"if","locations":[{"start":{"line":18,"column":8},"end":{"line":43,"column":9}},{"start":{"line":41,"column":12},"end":{"line":43,"column":9}}],"line":18},"2":{"loc":{"start":{"line":19,"column":12},"end":{"line":39,"column":13}},"type":"if","locations":[{"start":{"line":19,"column":12},"end":{"line":39,"column":13}},{"start":{"line":23,"column":17},"end":{"line":39,"column":13}}],"line":19},"3":{"loc":{"start":{"line":23,"column":17},"end":{"line":39,"column":13}},"type":"if","locations":[{"start":{"line":23,"column":17},"end":{"line":39,"column":13}},{"start":{"line":27,"column":17},"end":{"line":39,"column":13}}],"line":23},"4":{"loc":{"start":{"line":27,"column":17},"end":{"line":39,"column":13}},"type":"if","locations":[{"start":{"line":27,"column":17},"end":{"line":39,"column":13}},{"start":{"line":30,"column":17},"end":{"line":39,"column":13}}],"line":27},"5":{"loc":{"start":{"line":30,"column":17},"end":{"line":39,"column":13}},"type":"if","locations":[{"start":{"line":30,"column":17},"end":{"line":39,"column":13}},{"start":{"line":35,"column":17},"end":{"line":39,"column":13}}],"line":30},"6":{"loc":{"start":{"line":31,"column":16},"end":{"line":33,"column":17}},"type":"if","locations":[{"start":{"line":31,"column":16},"end":{"line":33,"column":17}},{"start":{},"end":{}}],"line":31},"7":{"loc":{"start":{"line":35,"column":17},"end":{"line":39,"column":13}},"type":"if","locations":[{"start":{"line":35,"column":17},"end":{"line":39,"column":13}},{"start":{},"end":{}}],"line":35},"8":{"loc":{"start":{"line":36,"column":16},"end":{"line":38,"column":17}},"type":"if","locations":[{"start":{"line":36,"column":16},"end":{"line":38,"column":17}},{"start":{},"end":{}}],"line":36}},"s":{"0":5,"1":5,"2":5,"3":5,"4":5,"5":5,"6":0,"7":5,"8":5,"9":4,"10":1,"11":3,"12":1,"13":2,"14":1,"15":1,"16":1,"17":1,"18":0,"19":0,"20":0,"21":1,"22":5},"f":{"0":5,"1":5,"2":5},"b":{"0":[0,5],"1":[4,1],"2":[1,3],"3":[1,2],"4":[1,1],"5":[1,0],"6":[1,0],"7":[0,0],"8":[0,0]},"_coverageSchema":"1a1c01bbd47fc00a2c39e90264f33305004495a9","hash":"57ae4ea167c202d82d1f7b2c22a87f13d34b0125"}
,"C:\\Users\\favour\\react-app\\src\\showup.jsx": {"path":"C:\\Users\\favour\\react-app\\src\\showup.jsx","statementMap":{"0":{"start":{"line":4,"column":4},"end":{"line":8,"column":5}}},"fnMap":{"0":{"name":"ShowUp","decl":{"start":{"line":3,"column":9},"end":{"line":3,"column":15}},"loc":{"start":{"line":3,"column":17},"end":{"line":9,"column":1}},"line":3}},"branchMap":{},"s":{"0":1},"f":{"0":1},"b":{},"_coverageSchema":"1a1c01bbd47fc00a2c39e90264f33305004495a9","hash":"801fd053bdd70c5bd419138adba6373eca363cd7"}
,"C:\\Users\\favour\\react-app\\src\\adminResources\\BlockedUser.jsx": {"path":"C:\\Users\\favour\\react-app\\src\\adminResources\\BlockedUser.jsx","statementMap":{"0":{"start":{"line":5,"column":4},"end":{"line":14,"column":5}}},"fnMap":{"0":{"name":"BlockedUser","decl":{"start":{"line":4,"column":24},"end":{"line":4,"column":35}},"loc":{"start":{"line":4,"column":37},"end":{"line":15,"column":1}},"line":4}},"branchMap":{},"s":{"0":1},"f":{"0":1},"b":{},"_coverageSchema":"1a1c01bbd47fc00a2c39e90264f33305004495a9","hash":"d237dd5cbb3aea0519c424c3f431c073f3260f42"}
,"C:\\Users\\favour\\react-app\\src\\adminResources\\SignRedirect.jsx": {"path":"C:\\Users\\favour\\react-app\\src\\adminResources\\SignRedirect.jsx","statementMap":{"0":{"start":{"line":5,"column":21},"end":{"line":5,"column":34}},"1":{"start":{"line":6,"column":4},"end":{"line":24,"column":45}},"2":{"start":{"line":9,"column":8},"end":{"line":22,"column":9}},"3":{"start":{"line":10,"column":12},"end":{"line":18,"column":13}},"4":{"start":{"line":11,"column":16},"end":{"line":11,"column":39}},"5":{"start":{"line":12,"column":16},"end":{"line":12,"column":47}},"6":{"start":{"line":15,"column":17},"end":{"line":18,"column":13}},"7":{"start":{"line":16,"column":16},"end":{"line":16,"column":44}},"8":{"start":{"line":21,"column":12},"end":{"line":21,"column":43}},"9":{"start":{"line":25,"column":4},"end":{"line":25,"column":16}}},"fnMap":{"0":{"name":"SignRedirect","decl":{"start":{"line":4,"column":24},"end":{"line":4,"column":36}},"loc":{"start":{"line":4,"column":43},"end":{"line":26,"column":1}},"line":4},"1":{"name":"(anonymous_1)","decl":{"start":{"line":6,"column":14},"end":{"line":6,"column":15}},"loc":{"start":{"line":6,"column":20},"end":{"line":24,"column":5}},"line":6}},"branchMap":{"0":{"loc":{"start":{"line":9,"column":8},"end":{"line":22,"column":9}},"type":"if","locations":[{"start":{"line":9,"column":8},"end":{"line":22,"column":9}},{"start":{"line":20,"column":12},"end":{"line":22,"column":9}}],"line":9},"1":{"loc":{"start":{"line":10,"column":12},"end":{"line":18,"column":13}},"type":"if","locations":[{"start":{"line":10,"column":12},"end":{"line":18,"column":13}},{"start":{"line":15,"column":17},"end":{"line":18,"column":13}}],"line":10},"2":{"loc":{"start":{"line":15,"column":17},"end":{"line":18,"column":13}},"type":"if","locations":[{"start":{"line":15,"column":17},"end":{"line":18,"column":13}},{"start":{},"end":{}}],"line":15}},"s":{"0":3,"1":3,"2":3,"3":2,"4":1,"5":1,"6":1,"7":1,"8":1,"9":3},"f":{"0":3,"1":3},"b":{"0":[2,1],"1":[1,1],"2":[1,0]},"_coverageSchema":"1a1c01bbd47fc00a2c39e90264f33305004495a9","hash":"33a5feb9ff5d7cac38e7f0d83769dc5f62021fe2"}
,"C:\\Users\\favour\\react-app\\src\\adminResources\\getUserById.jsx": {"path":"C:\\Users\\favour\\react-app\\src\\adminResources\\getUserById.jsx","statementMap":{"0":{"start":{"line":2,"column":17},"end":{"line":8,"column":6}},"1":{"start":{"line":9,"column":17},"end":{"line":9,"column":34}},"2":{"start":{"line":10,"column":4},"end":{"line":10,"column":16}}},"fnMap":{"0":{"name":"getUserById","decl":{"start":{"line":1,"column":30},"end":{"line":1,"column":41}},"loc":{"start":{"line":1,"column":50},"end":{"line":11,"column":1}},"line":1}},"branchMap":{},"s":{"0":11,"1":10,"2":10},"f":{"0":11},"b":{},"_coverageSchema":"1a1c01bbd47fc00a2c39e90264f33305004495a9","hash":"42de0702a11de6990468590c629e3f9d6031e3fe"}
,"C:\\Users\\favour\\react-app\\src\\adminResources\\postEvent.jsx": {"path":"C:\\Users\\favour\\react-app\\src\\adminResources\\postEvent.jsx","statementMap":{"0":{"start":{"line":2,"column":4},"end":{"line":25,"column":7}},"1":{"start":{"line":15,"column":8},"end":{"line":21,"column":9}},"2":{"start":{"line":16,"column":12},"end":{"line":16,"column":54}},"3":{"start":{"line":17,"column":12},"end":{"line":17,"column":48}},"4":{"start":{"line":19,"column":12},"end":{"line":19,"column":51}},"5":{"start":{"line":20,"column":12},"end":{"line":20,"column":67}},"6":{"start":{"line":23,"column":8},"end":{"line":23,"column":39}},"7":{"start":{"line":24,"column":8},"end":{"line":24,"column":62}}},"fnMap":{"0":{"name":"PostEvent","decl":{"start":{"line":1,"column":24},"end":{"line":1,"column":33}},"loc":{"start":{"line":1,"column":36},"end":{"line":26,"column":1}},"line":1},"1":{"name":"(anonymous_1)","decl":{"start":{"line":14,"column":12},"end":{"line":14,"column":13}},"loc":{"start":{"line":14,"column":26},"end":{"line":22,"column":5}},"line":14},"2":{"name":"(anonymous_2)","decl":{"start":{"line":22,"column":13},"end":{"line":22,"column":14}},"loc":{"start":{"line":22,"column":24},"end":{"line":25,"column":5}},"line":22}},"branchMap":{"0":{"loc":{"start":{"line":15,"column":8},"end":{"line":21,"column":9}},"type":"if","locations":[{"start":{"line":15,"column":8},"end":{"line":21,"column":9}},{"start":{"line":18,"column":15},"end":{"line":21,"column":9}}],"line":15}},"s":{"0":2,"1":2,"2":1,"3":1,"4":1,"5":1,"6":0,"7":0},"f":{"0":2,"1":2,"2":0},"b":{"0":[1,1]},"_coverageSchema":"1a1c01bbd47fc00a2c39e90264f33305004495a9","hash":"415e7a5dbd0cea5d29ba954f18faabb8aad33913"}
,"C:\\Users\\favour\\react-app\\src\\adminResources\\removeConfigMenu.jsx": {"path":"C:\\Users\\favour\\react-app\\src\\adminResources\\removeConfigMenu.jsx","statementMap":{"0":{"start":{"line":2,"column":23},"end":{"line":2,"column":60}},"1":{"start":{"line":3,"column":4},"end":{"line":3,"column":36}},"2":{"start":{"line":4,"column":4},"end":{"line":4,"column":58}}},"fnMap":{"0":{"name":"removeConfigMenu","decl":{"start":{"line":1,"column":24},"end":{"line":1,"column":40}},"loc":{"start":{"line":1,"column":43},"end":{"line":5,"column":1}},"line":1}},"branchMap":{},"s":{"0":0,"1":0,"2":0},"f":{"0":0},"b":{},"_coverageSchema":"1a1c01bbd47fc00a2c39e90264f33305004495a9","hash":"c7355c029c0dee875b2e4cfdfaabaae9084e2a88"}
,"C:\\Users\\favour\\react-app\\src\\adminResources\\updateRole.jsx": {"path":"C:\\Users\\favour\\react-app\\src\\adminResources\\updateRole.jsx","statementMap":{"0":{"start":{"line":4,"column":19},"end":{"line":4,"column":49}},"1":{"start":{"line":6,"column":4},"end":{"line":20,"column":5}},"2":{"start":{"line":7,"column":25},"end":{"line":16,"column":10}},"3":{"start":{"line":19,"column":8},"end":{"line":19,"column":39}},"4":{"start":{"line":21,"column":4},"end":{"line":21,"column":40}},"5":{"start":{"line":22,"column":4},"end":{"line":22,"column":23}}},"fnMap":{"0":{"name":"updateRole","decl":{"start":{"line":3,"column":30},"end":{"line":3,"column":40}},"loc":{"start":{"line":3,"column":50},"end":{"line":24,"column":1}},"line":3}},"branchMap":{},"s":{"0":11,"1":11,"2":11,"3":1,"4":11,"5":11},"f":{"0":11},"b":{},"_coverageSchema":"1a1c01bbd47fc00a2c39e90264f33305004495a9","hash":"ad1faad73fa93a46d2e2fd3b8e78f5d3996984fc"}
,"C:\\Users\\favour\\react-app\\src\\adminResources\\adminProps\\DashboardSwitcher.jsx": {"path":"C:\\Users\\favour\\react-app\\src\\adminResources\\adminProps\\DashboardSwitcher.jsx","statementMap":{"0":{"start":{"line":3,"column":26},"end":{"line":64,"column":1}},"1":{"start":{"line":4,"column":48},"end":{"line":4,"column":71}},"2":{"start":{"line":6,"column":21},"end":{"line":15,"column":3}},"3":{"start":{"line":17,"column":28},"end":{"line":30,"column":3}},"4":{"start":{"line":18,"column":4},"end":{"line":29,"column":5}},"5":{"start":{"line":19,"column":23},"end":{"line":19,"column":97}},"6":{"start":{"line":20,"column":19},"end":{"line":20,"column":40}},"7":{"start":{"line":21,"column":18},"end":{"line":21,"column":50}},"8":{"start":{"line":22,"column":16},"end":{"line":22,"column":43}},"9":{"start":{"line":23,"column":6},"end":{"line":23,"column":19}},"10":{"start":{"line":24,"column":6},"end":{"line":24,"column":54}},"11":{"start":{"line":25,"column":6},"end":{"line":25,"column":16}},"12":{"start":{"line":26,"column":6},"end":{"line":26,"column":38}},"13":{"start":{"line":28,"column":6},"end":{"line":28,"column":45}},"14":{"start":{"line":32,"column":28},"end":{"line":45,"column":3}},"15":{"start":{"line":33,"column":4},"end":{"line":44,"column":5}},"16":{"start":{"line":34,"column":23},"end":{"line":34,"column":95}},"17":{"start":{"line":35,"column":19},"end":{"line":35,"column":40}},"18":{"start":{"line":36,"column":18},"end":{"line":36,"column":50}},"19":{"start":{"line":37,"column":16},"end":{"line":37,"column":43}},"20":{"start":{"line":38,"column":6},"end":{"line":38,"column":19}},"21":{"start":{"line":39,"column":6},"end":{"line":39,"column":49}},"22":{"start":{"line":40,"column":6},"end":{"line":40,"column":16}},"23":{"start":{"line":41,"column":6},"end":{"line":41,"column":38}},"24":{"start":{"line":43,"column":6},"end":{"line":43,"column":49}},"25":{"start":{"line":47,"column":2},"end":{"line":63,"column":4}},"26":{"start":{"line":50,"column":31},"end":{"line":50,"column":64}},"27":{"start":{"line":51,"column":31},"end":{"line":51,"column":60}}},"fnMap":{"0":{"name":"(anonymous_0)","decl":{"start":{"line":3,"column":26},"end":{"line":3,"column":27}},"loc":{"start":{"line":3,"column":32},"end":{"line":64,"column":1}},"line":3},"1":{"name":"(anonymous_1)","decl":{"start":{"line":17,"column":28},"end":{"line":17,"column":29}},"loc":{"start":{"line":17,"column":40},"end":{"line":30,"column":3}},"line":17},"2":{"name":"(anonymous_2)","decl":{"start":{"line":32,"column":28},"end":{"line":32,"column":29}},"loc":{"start":{"line":32,"column":40},"end":{"line":45,"column":3}},"line":32},"3":{"name":"(anonymous_3)","decl":{"start":{"line":50,"column":25},"end":{"line":50,"column":26}},"loc":{"start":{"line":50,"column":31},"end":{"line":50,"column":64}},"line":50},"4":{"name":"(anonymous_4)","decl":{"start":{"line":51,"column":25},"end":{"line":51,"column":26}},"loc":{"start":{"line":51,"column":31},"end":{"line":51,"column":60}},"line":51}},"branchMap":{},"s":{"0":1,"1":7,"2":7,"3":7,"4":1,"5":1,"6":1,"7":1,"8":0,"9":0,"10":0,"11":0,"12":0,"13":1,"14":7,"15":1,"16":1,"17":1,"18":1,"19":0,"20":0,"21":0,"22":0,"23":0,"24":1,"25":7,"26":1,"27":1},"f":{"0":7,"1":1,"2":1,"3":1,"4":1},"b":{},"_coverageSchema":"1a1c01bbd47fc00a2c39e90264f33305004495a9","hash":"e705e75b7cec8c50eb44016c4a7f8be981c27580"}
,"C:\\Users\\favour\\react-app\\src\\assets\\JestTest.js": {"path":"C:\\Users\\favour\\react-app\\src\\assets\\JestTest.js","statementMap":{"0":{"start":{"line":4,"column":36},"end":{"line":4,"column":51}},"1":{"start":{"line":6,"column":19},"end":{"line":8,"column":3}},"2":{"start":{"line":7,"column":4},"end":{"line":7,"column":29}},"3":{"start":{"line":10,"column":2},"end":{"line":15,"column":4}}},"fnMap":{"0":{"name":"CheckboxWithLabel","decl":{"start":{"line":3,"column":24},"end":{"line":3,"column":41}},"loc":{"start":{"line":3,"column":63},"end":{"line":16,"column":1}},"line":3},"1":{"name":"(anonymous_1)","decl":{"start":{"line":6,"column":19},"end":{"line":6,"column":20}},"loc":{"start":{"line":6,"column":25},"end":{"line":8,"column":3}},"line":6}},"branchMap":{"0":{"loc":{"start":{"line":13,"column":7},"end":{"line":13,"column":37}},"type":"cond-expr","locations":[{"start":{"line":13,"column":19},"end":{"line":13,"column":26}},{"start":{"line":13,"column":29},"end":{"line":13,"column":37}}],"line":13}},"s":{"0":2,"1":2,"2":1,"3":2},"f":{"0":2,"1":1},"b":{"0":[1,1]},"_coverageSchema":"1a1c01bbd47fc00a2c39e90264f33305004495a9","hash":"9b48f80e4017f4e68e7ca897de5d3ffec2b8f88d"}
,"C:\\Users\\favour\\react-app\\src\\components\\Signup\\signup.jsx": {"path":"C:\\Users\\favour\\react-app\\src\\components\\Signup\\signup.jsx","statementMap":{"0":{"start":{"line":11,"column":4},"end":{"line":40,"column":2}}},"fnMap":{"0":{"name":"SignUp","decl":{"start":{"line":10,"column":9},"end":{"line":10,"column":15}},"loc":{"start":{"line":10,"column":17},"end":{"line":43,"column":1}},"line":10}},"branchMap":{},"s":{"0":2},"f":{"0":2},"b":{},"_coverageSchema":"1a1c01bbd47fc00a2c39e90264f33305004495a9","hash":"014e575e34e3b78edb69fa50907ef999b956d56c"}
,"C:\\Users\\favour\\react-app\\src\\pages\\WelcomeScreen.jsx": {"path":"C:\\Users\\favour\\react-app\\src\\pages\\WelcomeScreen.jsx","statementMap":{"0":{"start":{"line":8,"column":21},"end":{"line":8,"column":34}},"1":{"start":{"line":9,"column":23},"end":{"line":11,"column":7}},"2":{"start":{"line":10,"column":8},"end":{"line":10,"column":36}},"3":{"start":{"line":12,"column":4},"end":{"line":47,"column":6}}},"fnMap":{"0":{"name":"ShowUp","decl":{"start":{"line":7,"column":24},"end":{"line":7,"column":30}},"loc":{"start":{"line":7,"column":32},"end":{"line":48,"column":1}},"line":7},"1":{"name":"(anonymous_1)","decl":{"start":{"line":9,"column":23},"end":{"line":9,"column":24}},"loc":{"start":{"line":9,"column":29},"end":{"line":11,"column":7}},"line":9}},"branchMap":{},"s":{"0":3,"1":3,"2":1,"3":3},"f":{"0":3,"1":1},"b":{},"_coverageSchema":"1a1c01bbd47fc00a2c39e90264f33305004495a9","hash":"4054591dc6a9781ab75795ae82783a5f946aba6c"}
,"C:\\Users\\favour\\react-app\\src\\pages\\onboard3.jsx": {"path":"C:\\Users\\favour\\react-app\\src\\pages\\onboard3.jsx","statementMap":{"0":{"start":{"line":11,"column":16},"end":{"line":64,"column":1}},"1":{"start":{"line":12,"column":44},"end":{"line":12,"column":58}},"2":{"start":{"line":13,"column":42},"end":{"line":13,"column":56}},"3":{"start":{"line":14,"column":24},"end":{"line":22,"column":7}},"4":{"start":{"line":23,"column":4},"end":{"line":63,"column":5}},"5":{"start":{"line":33,"column":20},"end":{"line":40,"column":25}},"6":{"start":{"line":35,"column":39},"end":{"line":35,"column":62}},"7":{"start":{"line":36,"column":44},"end":{"line":36,"column":66}},"8":{"start":{"line":37,"column":44},"end":{"line":37,"column":65}}},"fnMap":{"0":{"name":"(anonymous_0)","decl":{"start":{"line":11,"column":16},"end":{"line":11,"column":17}},"loc":{"start":{"line":11,"column":22},"end":{"line":64,"column":1}},"line":11},"1":{"name":"(anonymous_1)","decl":{"start":{"line":32,"column":86},"end":{"line":32,"column":87}},"loc":{"start":{"line":33,"column":20},"end":{"line":40,"column":25}},"line":33},"2":{"name":"(anonymous_2)","decl":{"start":{"line":35,"column":33},"end":{"line":35,"column":34}},"loc":{"start":{"line":35,"column":39},"end":{"line":35,"column":62}},"line":35},"3":{"name":"(anonymous_3)","decl":{"start":{"line":36,"column":38},"end":{"line":36,"column":39}},"loc":{"start":{"line":36,"column":44},"end":{"line":36,"column":66}},"line":36},"4":{"name":"(anonymous_4)","decl":{"start":{"line":37,"column":38},"end":{"line":37,"column":39}},"loc":{"start":{"line":37,"column":44},"end":{"line":37,"column":65}},"line":37}},"branchMap":{"0":{"loc":{"start":{"line":44,"column":18},"end":{"line":50,"column":17}},"type":"binary-expr","locations":[{"start":{"line":44,"column":18},"end":{"line":44,"column":30}},{"start":{"line":45,"column":21},"end":{"line":49,"column":22}}],"line":44}},"s":{"0":1,"1":4,"2":4,"3":4,"4":4,"5":28,"6":1,"7":0,"8":0},"f":{"0":4,"1":28,"2":1,"3":0,"4":0},"b":{"0":[4,0]},"_coverageSchema":"1a1c01bbd47fc00a2c39e90264f33305004495a9","hash":"2122070f0ae811782798a957600efe9664f91c6d"}
}
