TN:
SF:server\models\reports.js
FNF:0
FNH:0
DA:2,1
DA:4,1
DA:18,1
DA:19,1
LF:4
LH:4
BRF:0
BRH:0
end_of_record
TN:
SF:server\models\sportsbooking.js
FNF:0
FNH:0
DA:2,1
DA:4,1
DA:19,1
DA:20,1
LF:4
LH:4
BRF:0
BRH:0
end_of_record
TN:
SF:src\App.jsx
FN:15,App
FNF:1
FNH:1
FNDA:8,App
DA:16,8
LF:1
LH:1
BRF:0
BRH:0
end_of_record
TN:
SF:src\getEvents.jsx
FN:1,getEvents
FNF:1
FNH:1
FNDA:5,getEvents
DA:2,5
LF:1
LH:1
BRF:0
BRH:0
end_of_record
TN:
SF:src\showup.jsx
FN:3,ShowUp
FNF:1
FNH:1
FNDA:1,ShowUp
DA:4,1
LF:1
LH:1
BRF:0
BRH:0
end_of_record
TN:
SF:src\Components\Signup\signup.jsx
FN:10,SignUp
FNF:1
FNH:1
FNDA:2,SignUp
DA:11,2
LF:1
LH:1
BRF:0
BRH:0
end_of_record
TN:
SF:src\adminResources\BlockedUser.jsx
FN:4,BlockedUser
FNF:1
FNH:1
FNDA:1,BlockedUser
DA:5,1
LF:1
LH:1
BRF:0
BRH:0
end_of_record
TN:
SF:src\adminResources\SignRedirect.jsx
FN:4,SignRedirect
FN:6,(anonymous_1)
FNF:2
FNH:2
FNDA:3,SignRedirect
FNDA:3,(anonymous_1)
DA:5,3
DA:6,3
DA:9,3
DA:10,2
DA:11,1
DA:12,1
DA:15,1
DA:16,1
DA:21,1
DA:25,3
LF:10
LH:10
BRDA:9,0,0,2
BRDA:9,0,1,1
BRDA:10,1,0,1
BRDA:10,1,1,1
BRDA:15,2,0,1
BRDA:15,2,1,0
BRF:6
BRH:5
end_of_record
TN:
SF:src\adminResources\postEvent.jsx
FN:1,PostEvent
FN:14,(anonymous_1)
FN:22,(anonymous_2)
FNF:3
FNH:2
FNDA:2,PostEvent
FNDA:2,(anonymous_1)
FNDA:0,(anonymous_2)
DA:2,2
DA:15,2
DA:16,1
DA:17,1
DA:19,1
DA:20,1
DA:23,0
DA:24,0
LF:8
LH:6
BRDA:15,0,0,1
BRDA:15,0,1,1
BRF:2
BRH:2
end_of_record
TN:
SF:src\assets\JestTest.js
FN:3,CheckboxWithLabel
FN:6,(anonymous_1)
FNF:2
FNH:2
FNDA:2,CheckboxWithLabel
FNDA:1,(anonymous_1)
DA:4,2
DA:6,2
DA:7,1
DA:10,2
LF:4
LH:4
BRDA:13,0,0,1
BRDA:13,0,1,1
BRF:2
BRH:2
end_of_record
TN:
SF:src\pages\WelcomeScreen.jsx
FN:7,ShowUp
FN:9,(anonymous_1)
FNF:2
FNH:2
FNDA:3,ShowUp
FNDA:1,(anonymous_1)
DA:8,3
DA:9,3
DA:10,1
DA:12,3
LF:4
LH:4
BRF:0
BRH:0
end_of_record
TN:
SF:src\pages\onboard3.jsx
FN:11,(anonymous_0)
FN:32,(anonymous_1)
FN:35,(anonymous_2)
FN:36,(anonymous_3)
FN:37,(anonymous_4)
FNF:5
FNH:3
FNDA:4,(anonymous_0)
FNDA:28,(anonymous_1)
FNDA:1,(anonymous_2)
FNDA:0,(anonymous_3)
FNDA:0,(anonymous_4)
DA:11,1
DA:12,4
DA:13,4
DA:14,4
DA:23,4
DA:33,28
DA:35,1
DA:36,0
DA:37,0
LF:9
LH:7
BRDA:44,0,0,4
BRDA:44,0,1,0
BRF:2
BRH:1
end_of_record
TN:
SF:src\utils\ProtectedRoutes.jsx
FN:4,(anonymous_0)
FNF:1
FNH:1
FNDA:20,(anonymous_0)
DA:4,2
DA:5,20
DA:7,12
DA:8,1
DA:11,11
DA:12,1
DA:15,10
DA:16,10
DA:18,10
DA:19,2
DA:22,8
DA:23,3
DA:25,5
LF:13
LH:13
BRDA:7,0,0,1
BRDA:7,0,1,11
BRDA:11,1,0,1
BRDA:11,1,1,10
BRDA:18,2,0,2
BRDA:18,2,1,8
BRDA:22,3,0,3
BRDA:22,3,1,5
BRF:8
BRH:8
end_of_record
